<?xml version="1.0" encoding="UTF-8"?>
<!-- Generated by org.testng.reporters.JUnitXMLReporter -->
<testsuite ignored="0" hostname="LAPTOP-3014" failures="0" tests="15" name="Test" time="242.942" errors="0" timestamp="2023-03-28T12:26:29 IST">
  <testcase classname="org.sample.testng" name="tc1" time="3.824"/>
  <testcase classname="org.sample.testng" name="tc1" time="1.159"/>
  <testcase classname="org.sample.testng" name="tc1" time="1.371"/>
  <testcase classname="org.sample.testng" name="tc2" time="6.473"/>
  <testcase classname="org.sample.testng" name="tc3" time="5.545"/>
  <testcase classname="org.sample.A" name="tc4" time="14.573"/>
  <testcase classname="org.sample.A" name="tc4" time="14.121"/>
  <testcase classname="org.sample.A" name="tc4" time="11.667"/>
  <testcase classname="org.sample.B" name="tc3" time="16.595"/>
  <testcase classname="org.sample.B" name="tc1" time="3.081"/>
  <testcase classname="org.sample.B" name="tc2" time="7.611"/>
  <testcase classname="org.sample.B" name="tc5" time="28.344"/>
  <testcase classname="org.sample.B" name="tc6" time="4.337"/>
  <testcase classname="org.sample.B" name="tc7" time="25.631"/>
  <testcase classname="org.sample.B" name="tc4" time="17.071"/>
</testsuite> <!-- Test -->
