<?xml version="1.0" encoding="UTF-8"?>
<testng-results ignored="0" total="15" passed="15" failed="0" skipped="0">
  <reporter-output>
  </reporter-output>
  <suite started-at="2023-03-28T12:22:24 IST" name="Suite" finished-at="2023-03-28T12:26:27 IST" duration-ms="242942">
    <groups>
    </groups>
    <test started-at="2023-03-28T12:22:24 IST" name="Test" finished-at="2023-03-28T12:26:27 IST" duration-ms="242942">
      <class name="org.sample.A">
        <test-method is-config="true" signature="startdate()[pri:0, instance:org.sample.A@d5b810e]" started-at="2023-03-28T12:23:35 IST" name="startdate" finished-at="2023-03-28T12:23:39 IST" duration-ms="4136" status="PASS">
          <reporter-output>
          </reporter-output>
        </test-method> <!-- startdate -->
        <test-method signature="tc4(java.lang.String)[pri:0, instance:org.sample.A@d5b810e]" started-at="2023-03-28T12:23:39 IST" name="tc4" data-provider="Amazon" finished-at="2023-03-28T12:23:53 IST" duration-ms="14573" status="PASS">
          <params>
            <param index="0">
              <value>
                <![CDATA[formel shirt]]>
              </value>
            </param>
          </params>
          <reporter-output>
          </reporter-output>
        </test-method> <!-- tc4 -->
        <test-method is-config="true" signature="enddate()[pri:0, instance:org.sample.A@d5b810e]" started-at="2023-03-28T12:23:53 IST" name="enddate" finished-at="2023-03-28T12:23:53 IST" duration-ms="2" status="PASS">
          <reporter-output>
          </reporter-output>
        </test-method> <!-- enddate -->
        <test-method is-config="true" signature="startdate()[pri:0, instance:org.sample.A@d5b810e]" started-at="2023-03-28T12:23:53 IST" name="startdate" finished-at="2023-03-28T12:23:58 IST" duration-ms="4812" status="PASS">
          <reporter-output>
          </reporter-output>
        </test-method> <!-- startdate -->
        <test-method signature="tc4(java.lang.String)[pri:0, instance:org.sample.A@d5b810e]" started-at="2023-03-28T12:23:58 IST" name="tc4" data-provider="Amazon" finished-at="2023-03-28T12:24:12 IST" duration-ms="14121" status="PASS">
          <params>
            <param index="0">
              <value>
                <![CDATA[T shirts]]>
              </value>
            </param>
          </params>
          <reporter-output>
          </reporter-output>
        </test-method> <!-- tc4 -->
        <test-method is-config="true" signature="enddate()[pri:0, instance:org.sample.A@d5b810e]" started-at="2023-03-28T12:24:12 IST" name="enddate" finished-at="2023-03-28T12:24:12 IST" duration-ms="1" status="PASS">
          <reporter-output>
          </reporter-output>
        </test-method> <!-- enddate -->
        <test-method is-config="true" signature="startdate()[pri:0, instance:org.sample.A@d5b810e]" started-at="2023-03-28T12:24:12 IST" name="startdate" finished-at="2023-03-28T12:24:16 IST" duration-ms="3291" status="PASS">
          <reporter-output>
          </reporter-output>
        </test-method> <!-- startdate -->
        <test-method signature="tc4(java.lang.String)[pri:0, instance:org.sample.A@d5b810e]" started-at="2023-03-28T12:24:16 IST" name="tc4" data-provider="Amazon" finished-at="2023-03-28T12:24:27 IST" duration-ms="11667" status="PASS">
          <params>
            <param index="0">
              <value>
                <![CDATA[sports dress]]>
              </value>
            </param>
          </params>
          <reporter-output>
          </reporter-output>
        </test-method> <!-- tc4 -->
        <test-method is-config="true" signature="enddate()[pri:0, instance:org.sample.A@d5b810e]" started-at="2023-03-28T12:24:27 IST" name="enddate" finished-at="2023-03-28T12:24:27 IST" duration-ms="1" status="PASS">
          <reporter-output>
          </reporter-output>
        </test-method> <!-- enddate -->
      </class> <!-- org.sample.A -->
      <class name="org.sample.testng">
        <test-method is-config="true" signature="launchbrowser()[pri:0, instance:org.sample.testng@52af26ee]" started-at="2023-03-28T12:22:24 IST" name="launchbrowser" finished-at="2023-03-28T12:23:16 IST" duration-ms="51954" status="PASS">
          <reporter-output>
          </reporter-output>
        </test-method> <!-- launchbrowser -->
        <test-method is-config="true" signature="date()[pri:0, instance:org.sample.testng@52af26ee]" started-at="2023-03-28T12:23:16 IST" name="date" finished-at="2023-03-28T12:23:16 IST" duration-ms="1" status="PASS">
          <reporter-output>
          </reporter-output>
        </test-method> <!-- date -->
        <test-method signature="tc1()[pri:0, instance:org.sample.testng@52af26ee]" started-at="2023-03-28T12:23:16 IST" name="tc1" finished-at="2023-03-28T12:23:19 IST" duration-ms="3824" status="PASS">
          <reporter-output>
          </reporter-output>
        </test-method> <!-- tc1 -->
        <test-method is-config="true" signature="end()[pri:0, instance:org.sample.testng@52af26ee]" started-at="2023-03-28T12:23:20 IST" name="end" finished-at="2023-03-28T12:23:20 IST" duration-ms="0" status="PASS">
          <reporter-output>
          </reporter-output>
        </test-method> <!-- end -->
        <test-method is-config="true" signature="date()[pri:0, instance:org.sample.testng@52af26ee]" started-at="2023-03-28T12:23:20 IST" name="date" finished-at="2023-03-28T12:23:20 IST" duration-ms="0" status="PASS">
          <reporter-output>
          </reporter-output>
        </test-method> <!-- date -->
        <test-method signature="tc1()[pri:0, instance:org.sample.testng@52af26ee]" started-at="2023-03-28T12:23:20 IST" name="tc1" finished-at="2023-03-28T12:23:21 IST" duration-ms="1159" status="PASS">
          <reporter-output>
          </reporter-output>
        </test-method> <!-- tc1 -->
        <test-method is-config="true" signature="end()[pri:0, instance:org.sample.testng@52af26ee]" started-at="2023-03-28T12:23:21 IST" name="end" finished-at="2023-03-28T12:23:21 IST" duration-ms="1" status="PASS">
          <reporter-output>
          </reporter-output>
        </test-method> <!-- end -->
        <test-method is-config="true" signature="date()[pri:0, instance:org.sample.testng@52af26ee]" started-at="2023-03-28T12:23:21 IST" name="date" finished-at="2023-03-28T12:23:21 IST" duration-ms="0" status="PASS">
          <reporter-output>
          </reporter-output>
        </test-method> <!-- date -->
        <test-method signature="tc1()[pri:0, instance:org.sample.testng@52af26ee]" started-at="2023-03-28T12:23:21 IST" name="tc1" finished-at="2023-03-28T12:23:22 IST" duration-ms="1371" status="PASS">
          <reporter-output>
          </reporter-output>
        </test-method> <!-- tc1 -->
        <test-method is-config="true" signature="end()[pri:0, instance:org.sample.testng@52af26ee]" started-at="2023-03-28T12:23:22 IST" name="end" finished-at="2023-03-28T12:23:22 IST" duration-ms="1" status="PASS">
          <reporter-output>
          </reporter-output>
        </test-method> <!-- end -->
        <test-method is-config="true" signature="date()[pri:0, instance:org.sample.testng@52af26ee]" started-at="2023-03-28T12:23:22 IST" name="date" finished-at="2023-03-28T12:23:22 IST" duration-ms="1" status="PASS">
          <reporter-output>
          </reporter-output>
        </test-method> <!-- date -->
        <test-method signature="tc2()[pri:0, instance:org.sample.testng@52af26ee]" started-at="2023-03-28T12:23:22 IST" name="tc2" finished-at="2023-03-28T12:23:29 IST" duration-ms="6473" status="PASS">
          <reporter-output>
          </reporter-output>
        </test-method> <!-- tc2 -->
        <test-method is-config="true" signature="end()[pri:0, instance:org.sample.testng@52af26ee]" started-at="2023-03-28T12:23:29 IST" name="end" finished-at="2023-03-28T12:23:29 IST" duration-ms="1" status="PASS">
          <reporter-output>
          </reporter-output>
        </test-method> <!-- end -->
        <test-method signature="tc3()[pri:0, instance:org.sample.testng@52af26ee]" started-at="2023-03-28T12:23:29 IST" name="tc3" finished-at="2023-03-28T12:23:34 IST" duration-ms="5545" status="PASS">
          <reporter-output>
          </reporter-output>
        </test-method> <!-- tc3 -->
        <test-method is-config="true" signature="date()[pri:0, instance:org.sample.testng@52af26ee]" started-at="2023-03-28T12:23:29 IST" name="date" finished-at="2023-03-28T12:23:29 IST" duration-ms="0" status="PASS">
          <reporter-output>
          </reporter-output>
        </test-method> <!-- date -->
        <test-method is-config="true" signature="end()[pri:0, instance:org.sample.testng@52af26ee]" started-at="2023-03-28T12:23:34 IST" name="end" finished-at="2023-03-28T12:23:34 IST" duration-ms="0" status="PASS">
          <reporter-output>
          </reporter-output>
        </test-method> <!-- end -->
        <test-method is-config="true" signature="close()[pri:0, instance:org.sample.testng@52af26ee]" started-at="2023-03-28T12:23:34 IST" name="close" finished-at="2023-03-28T12:23:35 IST" duration-ms="696" status="PASS">
          <reporter-output>
          </reporter-output>
        </test-method> <!-- close -->
      </class> <!-- org.sample.testng -->
      <class name="org.sample.B">
        <test-method is-config="true" signature="Launch()[pri:0, instance:org.sample.B@c88a337]" started-at="2023-03-28T12:24:27 IST" name="Launch" finished-at="2023-03-28T12:24:33 IST" duration-ms="5118" status="PASS">
          <reporter-output>
          </reporter-output>
        </test-method> <!-- Launch -->
        <test-method is-config="true" signature="startdate()[pri:0, instance:org.sample.B@c88a337]" started-at="2023-03-28T12:24:33 IST" name="startdate" finished-at="2023-03-28T12:24:33 IST" duration-ms="1" status="PASS">
          <reporter-output>
          </reporter-output>
        </test-method> <!-- startdate -->
        <test-method signature="tc3()[pri:-15, instance:org.sample.B@c88a337]" started-at="2023-03-28T12:24:33 IST" name="tc3" finished-at="2023-03-28T12:24:49 IST" duration-ms="16595" status="PASS">
          <reporter-output>
          </reporter-output>
        </test-method> <!-- tc3 -->
        <test-method is-config="true" signature="enddate()[pri:0, instance:org.sample.B@c88a337]" started-at="2023-03-28T12:24:49 IST" name="enddate" finished-at="2023-03-28T12:24:49 IST" duration-ms="1" status="PASS">
          <reporter-output>
          </reporter-output>
        </test-method> <!-- enddate -->
        <test-method is-config="true" signature="startdate()[pri:0, instance:org.sample.B@c88a337]" started-at="2023-03-28T12:24:49 IST" name="startdate" finished-at="2023-03-28T12:24:49 IST" duration-ms="1" status="PASS">
          <reporter-output>
          </reporter-output>
        </test-method> <!-- startdate -->
        <test-method signature="tc1()[pri:-10, instance:org.sample.B@c88a337]" started-at="2023-03-28T12:24:49 IST" name="tc1" finished-at="2023-03-28T12:24:52 IST" duration-ms="3081" status="PASS">
          <reporter-output>
          </reporter-output>
        </test-method> <!-- tc1 -->
        <test-method is-config="true" signature="enddate()[pri:0, instance:org.sample.B@c88a337]" started-at="2023-03-28T12:24:52 IST" name="enddate" finished-at="2023-03-28T12:24:52 IST" duration-ms="1" status="PASS">
          <reporter-output>
          </reporter-output>
        </test-method> <!-- enddate -->
        <test-method is-config="true" signature="startdate()[pri:0, instance:org.sample.B@c88a337]" started-at="2023-03-28T12:24:52 IST" name="startdate" finished-at="2023-03-28T12:24:52 IST" duration-ms="1" status="PASS">
          <reporter-output>
          </reporter-output>
        </test-method> <!-- startdate -->
        <test-method signature="tc2()[pri:-5, instance:org.sample.B@c88a337]" started-at="2023-03-28T12:24:52 IST" name="tc2" finished-at="2023-03-28T12:25:00 IST" duration-ms="7611" status="PASS">
          <reporter-output>
          </reporter-output>
        </test-method> <!-- tc2 -->
        <test-method is-config="true" signature="enddate()[pri:0, instance:org.sample.B@c88a337]" started-at="2023-03-28T12:25:00 IST" name="enddate" finished-at="2023-03-28T12:25:00 IST" duration-ms="0" status="PASS">
          <reporter-output>
          </reporter-output>
        </test-method> <!-- enddate -->
        <test-method is-config="true" signature="startdate()[pri:0, instance:org.sample.B@c88a337]" started-at="2023-03-28T12:25:00 IST" name="startdate" finished-at="2023-03-28T12:25:00 IST" duration-ms="0" status="PASS">
          <reporter-output>
          </reporter-output>
        </test-method> <!-- startdate -->
        <test-method signature="tc5()[pri:5, instance:org.sample.B@c88a337]" started-at="2023-03-28T12:25:00 IST" name="tc5" finished-at="2023-03-28T12:25:28 IST" duration-ms="28344" status="PASS">
          <reporter-output>
          </reporter-output>
        </test-method> <!-- tc5 -->
        <test-method is-config="true" signature="enddate()[pri:0, instance:org.sample.B@c88a337]" started-at="2023-03-28T12:25:28 IST" name="enddate" finished-at="2023-03-28T12:25:28 IST" duration-ms="1" status="PASS">
          <reporter-output>
          </reporter-output>
        </test-method> <!-- enddate -->
        <test-method is-config="true" signature="startdate()[pri:0, instance:org.sample.B@c88a337]" started-at="2023-03-28T12:25:28 IST" name="startdate" finished-at="2023-03-28T12:25:28 IST" duration-ms="1" status="PASS">
          <reporter-output>
          </reporter-output>
        </test-method> <!-- startdate -->
        <test-method signature="tc6()[pri:10, instance:org.sample.B@c88a337]" started-at="2023-03-28T12:25:28 IST" name="tc6" finished-at="2023-03-28T12:25:33 IST" duration-ms="4337" status="PASS">
          <reporter-output>
          </reporter-output>
        </test-method> <!-- tc6 -->
        <test-method is-config="true" signature="enddate()[pri:0, instance:org.sample.B@c88a337]" started-at="2023-03-28T12:25:33 IST" name="enddate" finished-at="2023-03-28T12:25:33 IST" duration-ms="0" status="PASS">
          <reporter-output>
          </reporter-output>
        </test-method> <!-- enddate -->
        <test-method is-config="true" signature="startdate()[pri:0, instance:org.sample.B@c88a337]" started-at="2023-03-28T12:25:33 IST" name="startdate" finished-at="2023-03-28T12:25:33 IST" duration-ms="1" status="PASS">
          <reporter-output>
          </reporter-output>
        </test-method> <!-- startdate -->
        <test-method signature="tc7()[pri:11, instance:org.sample.B@c88a337]" started-at="2023-03-28T12:25:33 IST" name="tc7" finished-at="2023-03-28T12:25:58 IST" duration-ms="25631" status="PASS">
          <reporter-output>
          </reporter-output>
        </test-method> <!-- tc7 -->
        <test-method is-config="true" signature="enddate()[pri:0, instance:org.sample.B@c88a337]" started-at="2023-03-28T12:25:58 IST" name="enddate" finished-at="2023-03-28T12:25:58 IST" duration-ms="1" status="PASS">
          <reporter-output>
          </reporter-output>
        </test-method> <!-- enddate -->
        <test-method is-config="true" signature="startdate()[pri:0, instance:org.sample.B@c88a337]" started-at="2023-03-28T12:25:58 IST" name="startdate" finished-at="2023-03-28T12:25:58 IST" duration-ms="1" status="PASS">
          <reporter-output>
          </reporter-output>
        </test-method> <!-- startdate -->
        <test-method signature="tc4()[pri:15, instance:org.sample.B@c88a337]" started-at="2023-03-28T12:25:58 IST" name="tc4" finished-at="2023-03-28T12:26:15 IST" duration-ms="17071" status="PASS">
          <reporter-output>
          </reporter-output>
        </test-method> <!-- tc4 -->
        <test-method is-config="true" signature="enddate()[pri:0, instance:org.sample.B@c88a337]" started-at="2023-03-28T12:26:15 IST" name="enddate" finished-at="2023-03-28T12:26:15 IST" duration-ms="0" status="PASS">
          <reporter-output>
          </reporter-output>
        </test-method> <!-- enddate -->
        <test-method is-config="true" signature="close()[pri:0, instance:org.sample.B@c88a337]" started-at="2023-03-28T12:26:15 IST" name="close" finished-at="2023-03-28T12:26:27 IST" duration-ms="11134" status="PASS">
          <reporter-output>
          </reporter-output>
        </test-method> <!-- close -->
      </class> <!-- org.sample.B -->
    </test> <!-- Test -->
  </suite> <!-- Suite -->
</testng-results>
